<?xml version="1.0" encoding="UTF-8"?>
<testng-results skipped="0" failed="0" total="1" passed="1">
  <reporter-output>
  </reporter-output>
  <suite name="Default suite" duration-ms="252" started-at="2021-08-19T11:12:36Z" finished-at="2021-08-19T11:12:36Z">
    <groups>
    </groups>
    <test name="Default test" duration-ms="252" started-at="2021-08-19T11:12:36Z" finished-at="2021-08-19T11:12:36Z">
      <class name="firstjson.dynamic">
        <test-method status="PASS" signature="Main()[pri:0, instance:firstjson.dynamic@c300f1]" name="Main" duration-ms="231" started-at="2021-08-19T16:42:36Z" finished-at="2021-08-19T16:42:36Z">
          <reporter-output>
          </reporter-output>
        </test-method> <!-- Main -->
      </class> <!-- firstjson.dynamic -->
    </test> <!-- Default test -->
  </suite> <!-- Default suite -->
</testng-results>
