<?xml version="1.0" encoding="UTF-8"?>
<testng-results skipped="0" failed="0" total="1" passed="1">
  <reporter-output>
  </reporter-output>
  <suite name="Suite" duration-ms="251" started-at="2021-08-19T10:59:45Z" finished-at="2021-08-19T10:59:45Z">
    <groups>
    </groups>
    <test name="Test" duration-ms="251" started-at="2021-08-19T10:59:45Z" finished-at="2021-08-19T10:59:45Z">
      <class name="firstjson.dynamic">
        <test-method status="PASS" signature="Main()[pri:0, instance:firstjson.dynamic@c300f1]" name="Main" duration-ms="231" started-at="2021-08-19T16:29:45Z" finished-at="2021-08-19T16:29:45Z">
          <reporter-output>
          </reporter-output>
        </test-method> <!-- Main -->
      </class> <!-- firstjson.dynamic -->
    </test> <!-- Test -->
  </suite> <!-- Suite -->
</testng-results>
